Drill report for Smart_Fan_Controller.kicad_pcb
Created on 2026-04-17T23:00:13+0100

Copper Layer Stackup:
    =============================================================
    L1 :  F.Cu                      front
    L2 :  B.Cu                      back


Drill file 'Smart_Fan_Controller-PTH.drl' contains
    plated through holes:
    =============================================================
    T1  0.300mm  0.0118"  (18 holes)
    T2  0.800mm  0.0315"  (3 holes)
    T3  0.900mm  0.0354"  (4 holes)
    T4  1.000mm  0.0394"  (3 holes)  (with 3 slots)
    T5  1.100mm  0.0433"  (12 holes)
    T6  1.300mm  0.0512"  (8 holes)

    Total plated holes count 48


Drill file 'Smart_Fan_Controller-NPTH.drl' contains
    unplated through holes:
    =============================================================
    T1  1.152mm  0.0454"  (4 holes)

    Total unplated holes count 4
